<?xml version="1.0" encoding="UTF-8"?>
<!-- Generated by org.testng.reporters.JUnitXMLReporter -->
<testsuite hostname="mohammed" ignored="0" name="Surefire test" tests="9" failures="0" timestamp="15 Nov 2017 03:00:20 GMT" time="25.599" errors="0">
  <testcase name="getbrowser" time="17.6" classname="com.usa.practice.testng.code.CrossBrowserTest"/>
  <testcase name="Login" time="7.968" classname="com.usa.practice.testng.code.TestNGListeners"/>
  <testcase name="TestToFail" time="0.001" classname="com.usa.practice.testng.code.TestNGListeners"/>
  <testcase name="firstTest" time="0.0" classname="com.usa.practice.testng.code.EnableOrDisableTest"/>
  <testcase name="secondTest" time="0.001" classname="com.usa.practice.testng.code.EnableOrDisableTest"/>
  <testcase name="thirdtest" time="0.0" classname="com.usa.practice.testng.code.EnableOrDisableTest"/>
  <testcase name="thirdtest" time="0.0" classname="com.usa.practice.testng.code.TestPriority"/>
  <testcase name="secondTest" time="0.0" classname="com.usa.practice.testng.code.TestPriority"/>
  <testcase name="firstTest" time="0.0" classname="com.usa.practice.testng.code.TestPriority"/>
</testsuite> <!-- Surefire test -->
