<?xml version="1.0" encoding="UTF-8"?>
<!-- Generated by org.testng.reporters.JUnitXMLReporter -->
<testsuite hostname="DESKTOP-FLR20HU" ignored="1" name="Test" tests="20" failures="2" timestamp="13 Jan 2018 19:55:35 GMT" time="83.813" errors="0">
  <testcase name="@AfterTest tear" time="0.0" classname="com.usa.sql.practice.code.DataBaseRealTestingWebpage">
    <failure type="java.lang.NullPointerException">
      <![CDATA[java.lang.NullPointerException
	at com.usa.sql.practice.code.DataBaseRealTestingWebpage.tear(DataBaseRealTestingWebpage.java:95)
... Removed 23 stack frames]]>
    </failure>
  </testcase> <!-- @AfterTest tear -->
  <testcase name="@AfterTest closesetup" time="0.0" classname="com.usa.practice.testng.code.LoginFunction">
    <skipped/>
  </testcase> <!-- @AfterTest closesetup -->
  <testcase name="@AfterTest teardown" time="0.0" classname="com.usa.regressiontest.LoginFunctionTestNGFramework">
    <skipped/>
  </testcase> <!-- @AfterTest teardown -->
  <testcase name="@AfterTest closeBrowser" time="0.0" classname="com.usa.practice.testng.code.ParameterByMethodInDataprovider">
    <skipped/>
  </testcase> <!-- @AfterTest closeBrowser -->
  <testcase name="@AfterTest close" time="0.0" classname="com.usa.practice.testng.code.UnitTesting">
    <skipped/>
  </testcase> <!-- @AfterTest close -->
  <testcase name="@AfterTest close" time="0.0" classname="com.usa.ttech.practicecode.UnitTesting">
    <skipped/>
  </testcase> <!-- @AfterTest close -->
  <testcase name="testMethodA" time="3.525" classname="com.usa.practice.testng.code.ParameterByMethodInDataprovider"/>
  <testcase name="testMethodA" time="3.196" classname="com.usa.practice.testng.code.ParameterByMethodInDataprovider"/>
  <testcase name="testMethodA" time="3.165" classname="com.usa.practice.testng.code.ParameterByMethodInDataprovider"/>
  <testcase name="testMethodB" time="3.161" classname="com.usa.practice.testng.code.ParameterByMethodInDataprovider"/>
  <testcase name="testMethodB" time="3.19" classname="com.usa.practice.testng.code.ParameterByMethodInDataprovider"/>
  <testcase name="testMethodB" time="3.187" classname="com.usa.practice.testng.code.ParameterByMethodInDataprovider"/>
  <testcase name="getsalary" time="0.003" classname="com.usa.practice.testng.code.UnitTesting"/>
  <testcase name="secondTest" time="0.004" classname="com.usa.practice.testng.code.EnableOrDisableTest"/>
  <testcase name="thirdtest" time="0.002" classname="com.usa.practice.testng.code.EnableOrDisableTest"/>
  <testcase name="tc_1" time="0.001" classname="com.usa.sql.practice.code.DataBaseRealTestingWebpage">
    <failure type="java.lang.NullPointerException">
      <![CDATA[java.lang.NullPointerException
	at com.usa.sql.practice.code.DataBaseRealTestingWebpage.tc_1(DataBaseRealTestingWebpage.java:87)
... Removed 25 stack frames]]>
    </failure>
  </testcase> <!-- tc_1 -->
  <testcase name="loginFunctionTest" time="11.938" classname="com.usa.regressiontest.LoginFunctionTestNGFramework"/>
  <testcase name="Login" time="17.415" classname="com.usa.practice.testng.code.TestNGListeners"/>
  <testcase name="TestToFail" time="0.013" classname="com.usa.practice.testng.code.TestNGListeners"/>
  <testcase name="getsalary" time="0.003" classname="com.usa.ttech.practicecode.UnitTesting"/>
  <testcase name="setupMethod" time="0.002" classname="com.usa.practice.testng.code.DependsOnAnotherMethods">
    <failure type="java.lang.AssertionError" message="Setup method will fail">
      <![CDATA[java.lang.AssertionError: Setup method will fail
	at com.usa.practice.testng.code.DependsOnAnotherMethods.setupMethod(DependsOnAnotherMethods.java:13)
... Removed 27 stack frames]]>
    </failure>
  </testcase> <!-- setupMethod -->
  <testcase name="method2" time="0.0" classname="com.usa.practice.testng.code.DependsOnAnotherMethods">
    <skipped/>
  </testcase> <!-- method2 -->
  <testcase name="Test01" time="0.051" classname="com.usa.practice.testng.code.LoginFunction"/>
  <testcase name="thirdtest" time="0.0" classname="com.usa.practice.testng.code.TestPriority"/>
  <testcase name="secondTest" time="0.0" classname="com.usa.practice.testng.code.TestPriority"/>
  <testcase name="firstTest" time="0.001" classname="com.usa.practice.testng.code.TestPriority"/>
  <testcase name="firstTest" time="0.0" classname="com.usa.practice.testng.code.EnableOrDisableTest">
    <ignored/>
  </testcase> <!-- firstTest -->
</testsuite> <!-- Test -->
