<?xml version="1.0" encoding="UTF-8"?>
<testng-results skipped="0" failed="0" ignored="0" total="9" passed="9">
  <reporter-output>
  </reporter-output>
  <suite name="Surefire suite" duration-ms="25599" started-at="2017-11-15T02:59:54Z" finished-at="2017-11-15T03:00:20Z">
    <groups>
    </groups>
    <test name="Surefire test" duration-ms="25599" started-at="2017-11-15T02:59:54Z" finished-at="2017-11-15T03:00:20Z">
      <class name="com.usa.practice.testng.code.TestPriority">
        <test-method status="PASS" signature="thirdtest()[pri:0, instance:com.usa.practice.testng.code.TestPriority@5c3bd550]" name="thirdtest" duration-ms="0" started-at="2017-11-14T22:00:20Z" finished-at="2017-11-14T22:00:20Z">
          <reporter-output>
          </reporter-output>
        </test-method> <!-- thirdtest -->
        <test-method status="PASS" signature="secondTest()[pri:1, instance:com.usa.practice.testng.code.TestPriority@5c3bd550]" name="secondTest" duration-ms="0" started-at="2017-11-14T22:00:20Z" finished-at="2017-11-14T22:00:20Z">
          <reporter-output>
          </reporter-output>
        </test-method> <!-- secondTest -->
        <test-method status="PASS" signature="firstTest()[pri:3, instance:com.usa.practice.testng.code.TestPriority@5c3bd550]" name="firstTest" duration-ms="0" started-at="2017-11-14T22:00:20Z" finished-at="2017-11-14T22:00:20Z">
          <reporter-output>
          </reporter-output>
        </test-method> <!-- firstTest -->
      </class> <!-- com.usa.practice.testng.code.TestPriority -->
      <class name="com.usa.practice.testng.code.TestNGListeners">
        <test-method status="PASS" signature="Login()[pri:0, instance:com.usa.practice.testng.code.TestNGListeners@5e3a8624]" name="Login" duration-ms="7968" started-at="2017-11-14T22:00:12Z" finished-at="2017-11-14T22:00:20Z">
          <reporter-output>
          </reporter-output>
        </test-method> <!-- Login -->
        <test-method status="PASS" signature="TestToFail()[pri:0, instance:com.usa.practice.testng.code.TestNGListeners@5e3a8624]" name="TestToFail" duration-ms="1" started-at="2017-11-14T22:00:20Z" finished-at="2017-11-14T22:00:20Z">
          <reporter-output>
          </reporter-output>
        </test-method> <!-- TestToFail -->
      </class> <!-- com.usa.practice.testng.code.TestNGListeners -->
      <class name="com.usa.practice.testng.code.EnableOrDisableTest">
        <test-method status="PASS" signature="firstTest()[pri:0, instance:com.usa.practice.testng.code.EnableOrDisableTest@1bce4f0a]" name="firstTest" duration-ms="0" started-at="2017-11-14T22:00:20Z" finished-at="2017-11-14T22:00:20Z">
          <reporter-output>
          </reporter-output>
        </test-method> <!-- firstTest -->
        <test-method status="PASS" signature="secondTest()[pri:0, instance:com.usa.practice.testng.code.EnableOrDisableTest@1bce4f0a]" name="secondTest" duration-ms="1" started-at="2017-11-14T22:00:20Z" finished-at="2017-11-14T22:00:20Z">
          <reporter-output>
          </reporter-output>
        </test-method> <!-- secondTest -->
        <test-method status="PASS" signature="thirdtest()[pri:0, instance:com.usa.practice.testng.code.EnableOrDisableTest@1bce4f0a]" name="thirdtest" duration-ms="0" started-at="2017-11-14T22:00:20Z" finished-at="2017-11-14T22:00:20Z">
          <reporter-output>
          </reporter-output>
        </test-method> <!-- thirdtest -->
      </class> <!-- com.usa.practice.testng.code.EnableOrDisableTest -->
      <class name="com.usa.practice.testng.code.CrossBrowserTest">
        <test-method status="PASS" signature="getbrowser()[pri:0, instance:com.usa.practice.testng.code.CrossBrowserTest@1e88b3c]" name="getbrowser" duration-ms="17600" started-at="2017-11-14T21:59:54Z" finished-at="2017-11-14T22:00:12Z">
          <reporter-output>
          </reporter-output>
        </test-method> <!-- getbrowser -->
      </class> <!-- com.usa.practice.testng.code.CrossBrowserTest -->
    </test> <!-- Surefire test -->
  </suite> <!-- Surefire suite -->
</testng-results>
